Dec-01-23 12:29:52: INFO - *****Beginning Log*****
Dec-01-23 12:31:28: INFO - Function setup started.
Dec-01-23 12:33:11: INFO - Function setup started.
Dec-01-23 12:33:24: INFO - Function setup started.
Dec-01-23 12:33:46: INFO - Function setup started.
Dec-01-23 12:33:46: INFO - Function setup took 0.13694510000641458 seconds.
Dec-01-23 12:33:49: INFO - Function setup started.
Dec-01-23 12:33:49: INFO - Function setup took 2.9000017093494534e-05 seconds.
Dec-01-23 12:37:47: INFO - Function scrape started.
Dec-01-23 12:37:47: WARNING - KEY ERROR: Zip Codes for ('Santa Cruz County', 'AZ') could not be found.
Dec-01-23 12:37:48: WARNING - HTTPS ERROR: https://www.redfin.com/zipcode/225/filter/include=sold-1mo could not be found.
Dec-01-23 12:37:48: WARNING - HTTPS ERROR: API link for https://www.redfin.com/zipcode/225/filter/include=sold-1mo could not be found.
Dec-01-23 12:37:48: INFO - Function scrape took 0.8787077000015415 seconds.
Dec-01-23 12:38:17: INFO - Function get_data started.
Dec-01-23 12:38:39: INFO - Function get_data started.
Dec-01-23 12:38:39: INFO - Function get_data took 3.9000005926936865e-06 seconds.
Dec-01-23 12:39:18: INFO - Function scrape started.
Dec-01-23 12:39:18: WARNING - KEY ERROR: Zip Codes for ('Santa Cruz County', 'AZ') could not be found.
Dec-01-23 12:39:19: WARNING - HTTPS ERROR: https://www.redfin.com/zipcode/225/filter/include=sold-1mo could not be found.
Dec-01-23 12:39:19: WARNING - HTTPS ERROR: API link for https://www.redfin.com/zipcode/225/filter/include=sold-1mo could not be found.
Dec-01-23 12:39:19: INFO - Function scrape took 1.0121366999810562 seconds.
Dec-01-23 12:39:19: INFO - Function get_data started.
Dec-01-23 12:39:19: INFO - Function get_data took 2.6999914553016424e-06 seconds.
